This is pdfTeX, Version 3.1415926-2.4-1.40.13 (MiKTeX 2.9) (preloaded format=pdflatex 2013.10.21)  17 APR 2014 10:52
entering extended mode
**mosquitoRainTempArticle.tex

(E:\workingdirectory\mosquito\rainAndTemp\rainAndTempArticle\mosquitoRainTempAr
ticle.tex
LaTeX2e <2011/06/27>
Babel <v3.8m> and hyphenation patterns for english, afrikaans, ancientgreek, ar
abic, armenian, assamese, basque, bengali, bokmal, bulgarian, catalan, coptic, 
croatian, czech, danish, dutch, esperanto, estonian, farsi, finnish, french, ga
lician, german, german-x-2012-05-30, greek, gujarati, hindi, hungarian, iceland
ic, indonesian, interlingua, irish, italian, kannada, kurmanji, latin, latvian,
 lithuanian, malayalam, marathi, mongolian, mongolianlmc, monogreek, ngerman, n
german-x-2012-05-30, nynorsk, oriya, panjabi, pinyin, polish, portuguese, roman
ian, russian, sanskrit, serbian, slovak, slovenian, spanish, swedish, swissgerm
an, tamil, telugu, turkish, turkmen, ukenglish, ukrainian, uppersorbian, usengl
ishmax, welsh, loaded.
(C:\Users\BrewJR\Documents\R\MiKTeX\tex\latex\base\article.cls
Document Class: article 2007/10/19 v1.4h Standard LaTeX document class
(C:\Users\BrewJR\Documents\R\MiKTeX\tex\latex\base\size10.clo
File: size10.clo 2007/10/19 v1.4h Standard LaTeX file (size option)
)
\c@part=\count79
\c@section=\count80
\c@subsection=\count81
\c@subsubsection=\count82
\c@paragraph=\count83
\c@subparagraph=\count84
\c@figure=\count85
\c@table=\count86
\abovecaptionskip=\skip41
\belowcaptionskip=\skip42
\bibindent=\dimen102
)
(C:\Users\BrewJR\Documents\R\MiKTeX\tex\latex\lipsum\lipsum.sty
Package: lipsum 2011/04/14 v1.2 150 paragraphs of Lorem Ipsum dummy text
\c@lips@count=\count87
)
(C:\Users\BrewJR\Documents\R\MiKTeX\tex\latex\graphics\graphicx.sty
Package: graphicx 1999/02/16 v1.0f Enhanced LaTeX Graphics (DPC,SPQR)

(C:\Users\BrewJR\Documents\R\MiKTeX\tex\latex\graphics\keyval.sty
Package: keyval 1999/03/16 v1.13 key=value parser (DPC)
\KV@toks@=\toks14
)
(C:\Users\BrewJR\Documents\R\MiKTeX\tex\latex\graphics\graphics.sty
Package: graphics 2009/02/05 v1.0o Standard LaTeX Graphics (DPC,SPQR)

(C:\Users\BrewJR\Documents\R\MiKTeX\tex\latex\graphics\trig.sty
Package: trig 1999/03/16 v1.09 sin cos tan (DPC)
)
(C:\Users\BrewJR\Documents\R\MiKTeX\tex\latex\00miktex\graphics.cfg
File: graphics.cfg 2007/01/18 v1.5 graphics configuration of teTeX/TeXLive
)
Package graphics Info: Driver file: pdftex.def on input line 91.

(C:\Users\BrewJR\Documents\R\MiKTeX\tex\latex\pdftex-def\pdftex.def
File: pdftex.def 2011/05/27 v0.06d Graphics/color for pdfTeX

(C:\Users\BrewJR\Documents\R\MiKTeX\tex\generic\oberdiek\infwarerr.sty
Package: infwarerr 2010/04/08 v1.3 Providing info/warning/error messages (HO)
)
(C:\Users\BrewJR\Documents\R\MiKTeX\tex\generic\oberdiek\ltxcmds.sty
Package: ltxcmds 2011/11/09 v1.22 LaTeX kernel commands for general use (HO)
)
\Gread@gobject=\count88
))
\Gin@req@height=\dimen103
\Gin@req@width=\dimen104
)
(C:\Users\BrewJR\Documents\R\MiKTeX\tex\latex\subfig\subfig.sty
Package: subfig 2005/06/28 ver: 1.3 subfig package

(C:\Users\BrewJR\Documents\R\MiKTeX\tex\latex\caption\caption.sty
Package: caption 2013/05/02 v3.3-89 Customizing captions (AR)

(C:\Users\BrewJR\Documents\R\MiKTeX\tex\latex\caption\caption3.sty
Package: caption3 2013/05/02 v1.6-88 caption3 kernel (AR)
Package caption3 Info: TeX engine: e-TeX on input line 57.
\captionmargin=\dimen105
\captionmargin@=\dimen106
\captionwidth=\dimen107
\caption@tempdima=\dimen108
\caption@indent=\dimen109
\caption@parindent=\dimen110
\caption@hangindent=\dimen111
)
\c@ContinuedFloat=\count89
)
\c@KVtest=\count90
\sf@farskip=\skip43
\sf@captopadj=\dimen112
\sf@capskip=\skip44
\sf@nearskip=\skip45
\c@subfigure=\count91
\c@subfigure@save=\count92
\c@lofdepth=\count93
\c@subtable=\count94
\c@subtable@save=\count95
\c@lotdepth=\count96
\sf@top=\skip46
\sf@bottom=\skip47
)
(C:\Users\BrewJR\Documents\R\MiKTeX\tex\latex\psnfss\mathpazo.sty
Package: mathpazo 2005/04/12 PSNFSS-v9.2a Palatino w/ Pazo Math (D.Puga, WaS) 
\symupright=\mathgroup4
)
(C:\Users\BrewJR\Documents\R\MiKTeX\tex\latex\base\fontenc.sty
Package: fontenc 2005/09/27 v1.99g Standard LaTeX package

(C:\Users\BrewJR\Documents\R\MiKTeX\tex\latex\base\t1enc.def
File: t1enc.def 2005/09/27 v1.99g Standard LaTeX file
LaTeX Font Info:    Redeclaring font encoding T1 on input line 43.
))
(C:\Users\BrewJR\Documents\R\MiKTeX\tex\latex\microtype\microtype.sty
Package: microtype 2013/05/23 v2.5a Micro-typographical refinements (RS)
\MT@toks=\toks15
\MT@count=\count97
LaTeX Info: Redefining \textls on input line 766.
\MT@outer@kern=\dimen113
LaTeX Info: Redefining \textmicrotypecontext on input line 1285.
\MT@listname@count=\count98

(C:\Users\BrewJR\Documents\R\MiKTeX\tex\latex\microtype\microtype-pdftex.def
File: microtype-pdftex.def 2013/05/23 v2.5a Definitions specific to pdftex (RS)

LaTeX Info: Redefining \lsstyle on input line 915.
LaTeX Info: Redefining \lslig on input line 915.
\MT@outer@space=\skip48
)
Package microtype Info: Loading configuration file microtype.cfg.

(C:\Users\BrewJR\Documents\R\MiKTeX\tex\latex\microtype\microtype.cfg
File: microtype.cfg 2013/05/23 v2.5a microtype main configuration file (RS)
))
(C:\Users\BrewJR\Documents\R\MiKTeX\tex\latex\geometry\geometry.sty
Package: geometry 2010/09/12 v5.6 Page Geometry

(C:\Users\BrewJR\Documents\R\MiKTeX\tex\generic\oberdiek\ifpdf.sty
Package: ifpdf 2011/01/30 v2.3 Provides the ifpdf switch (HO)
Package ifpdf Info: pdfTeX in PDF mode is detected.
)
(C:\Users\BrewJR\Documents\R\MiKTeX\tex\generic\oberdiek\ifvtex.sty
Package: ifvtex 2010/03/01 v1.5 Detect VTeX and its facilities (HO)
Package ifvtex Info: VTeX not detected.
)
(C:\Users\BrewJR\Documents\R\MiKTeX\tex\generic\ifxetex\ifxetex.sty
Package: ifxetex 2010/09/12 v0.6 Provides ifxetex conditional
)
\Gm@cnth=\count99
\Gm@cntv=\count100
\c@Gm@tempcnt=\count101
\Gm@bindingoffset=\dimen114
\Gm@wd@mp=\dimen115
\Gm@odd@mp=\dimen116
\Gm@even@mp=\dimen117
\Gm@layoutwidth=\dimen118
\Gm@layoutheight=\dimen119
\Gm@layouthoffset=\dimen120
\Gm@layoutvoffset=\dimen121
\Gm@dimlist=\toks16

(C:\Users\BrewJR\Documents\R\MiKTeX\tex\latex\geometry\geometry.cfg))
(C:\Users\BrewJR\Documents\R\MiKTeX\tex\latex\tools\multicol.sty
Package: multicol 2011/06/27 v1.7a multicolumn formatting (FMi)
\c@tracingmulticols=\count102
\mult@box=\box26
\multicol@leftmargin=\dimen122
\c@unbalance=\count103
\c@collectmore=\count104
\doublecol@number=\count105
\multicoltolerance=\count106
\multicolpretolerance=\count107
\full@width=\dimen123
\page@free=\dimen124
\premulticols=\dimen125
\postmulticols=\dimen126
\multicolsep=\skip49
\multicolbaselineskip=\skip50
\partial@page=\box27
\last@line=\box28
\mult@rightbox=\box29
\mult@grightbox=\box30
\mult@gfirstbox=\box31
\mult@firstbox=\box32
\@tempa=\box33
\@tempa=\box34
\@tempa=\box35
\@tempa=\box36
\@tempa=\box37
\@tempa=\box38
\@tempa=\box39
\@tempa=\box40
\@tempa=\box41
\@tempa=\box42
\@tempa=\box43
\@tempa=\box44
\@tempa=\box45
\@tempa=\box46
\@tempa=\box47
\@tempa=\box48
\@tempa=\box49
\c@columnbadness=\count108
\c@finalcolumnbadness=\count109
\last@try=\dimen127
\multicolovershoot=\dimen128
\multicolundershoot=\dimen129
\mult@nat@firstbox=\box50
\colbreak@box=\box51
\multicol@sort@counter=\count110
)
(C:\Users\BrewJR\Documents\R\MiKTeX\tex\latex\base\fontenc.sty
Package: fontenc 2005/09/27 v1.99g Standard LaTeX package

(C:\Users\BrewJR\Documents\R\MiKTeX\tex\latex\base\t1enc.def
File: t1enc.def 2005/09/27 v1.99g Standard LaTeX file
LaTeX Font Info:    Redeclaring font encoding T1 on input line 43.
))
(C:\Users\BrewJR\Documents\R\MiKTeX\tex\latex\booktabs\booktabs.sty
Package: booktabs 2005/04/14 v1.61803 publication quality tables
\heavyrulewidth=\dimen130
\lightrulewidth=\dimen131
\cmidrulewidth=\dimen132
\belowrulesep=\dimen133
\belowbottomsep=\dimen134
\aboverulesep=\dimen135
\abovetopsep=\dimen136
\cmidrulesep=\dimen137
\cmidrulekern=\dimen138
\defaultaddspace=\dimen139
\@cmidla=\count111
\@cmidlb=\count112
\@aboverulesep=\dimen140
\@belowrulesep=\dimen141
\@thisruleclass=\count113
\@lastruleclass=\count114
\@thisrulewidth=\dimen142
)
(C:\Users\BrewJR\Documents\R\MiKTeX\tex\latex\float\float.sty
Package: float 2001/11/08 v1.3d Float enhancements (AL)
\c@float@type=\count115
\float@exts=\toks17
\float@box=\box52
\@float@everytoks=\toks18
\@floatcapt=\box53
)
(C:\Users\BrewJR\Documents\R\MiKTeX\tex\latex\hyperref\hyperref.sty
Package: hyperref 2012/11/06 v6.83m Hypertext links for LaTeX

(C:\Users\BrewJR\Documents\R\MiKTeX\tex\generic\oberdiek\hobsub-hyperref.sty
Package: hobsub-hyperref 2012/04/25 v1.12 Bundle oberdiek, subset hyperref (HO)


(C:\Users\BrewJR\Documents\R\MiKTeX\tex\generic\oberdiek\hobsub-generic.sty
Package: hobsub-generic 2012/04/25 v1.12 Bundle oberdiek, subset generic (HO)
Package: hobsub 2012/04/25 v1.12 Construct package bundles (HO)
Package hobsub Info: Skipping package `infwarerr' (already loaded).
Package hobsub Info: Skipping package `ltxcmds' (already loaded).
Package: ifluatex 2010/03/01 v1.3 Provides the ifluatex switch (HO)
Package ifluatex Info: LuaTeX not detected.
Package hobsub Info: Skipping package `ifvtex' (already loaded).
Package: intcalc 2007/09/27 v1.1 Expandable calculations with integers (HO)
Package hobsub Info: Skipping package `ifpdf' (already loaded).
Package: etexcmds 2011/02/16 v1.5 Avoid name clashes with e-TeX commands (HO)
Package etexcmds Info: Could not find \expanded.
(etexcmds)             That can mean that you are not using pdfTeX 1.50 or
(etexcmds)             that some package has redefined \expanded.
(etexcmds)             In the latter case, load this package earlier.
Package: kvsetkeys 2012/04/25 v1.16 Key value parser (HO)
Package: kvdefinekeys 2011/04/07 v1.3 Define keys (HO)
Package: pdftexcmds 2011/11/29 v0.20 Utility functions of pdfTeX for LuaTeX (HO
)
Package pdftexcmds Info: LuaTeX not detected.
Package pdftexcmds Info: \pdf@primitive is available.
Package pdftexcmds Info: \pdf@ifprimitive is available.
Package pdftexcmds Info: \pdfdraftmode found.
Package: pdfescape 2011/11/25 v1.13 Implements pdfTeX's escape features (HO)
Package: bigintcalc 2012/04/08 v1.3 Expandable calculations on big integers (HO
)
Package: bitset 2011/01/30 v1.1 Handle bit-vector datatype (HO)
Package: uniquecounter 2011/01/30 v1.2 Provide unlimited unique counter (HO)
)
Package hobsub Info: Skipping package `hobsub' (already loaded).
Package: letltxmacro 2010/09/02 v1.4 Let assignment for LaTeX macros (HO)
Package: hopatch 2011/06/24 v1.1 Wrapper for package hooks (HO)
Package: xcolor-patch 2011/01/30 xcolor patch
Package: atveryend 2011/06/30 v1.8 Hooks at the very end of document (HO)
Package atveryend Info: \enddocument detected (standard20110627).
Package: atbegshi 2011/10/05 v1.16 At begin shipout hook (HO)
Package: refcount 2011/10/16 v3.4 Data extraction from label references (HO)
Package: hycolor 2011/01/30 v1.7 Color options for hyperref/bookmark (HO)
)
(C:\Users\BrewJR\Documents\R\MiKTeX\tex\latex\oberdiek\auxhook.sty
Package: auxhook 2011/03/04 v1.3 Hooks for auxiliary files (HO)
)
(C:\Users\BrewJR\Documents\R\MiKTeX\tex\latex\oberdiek\kvoptions.sty
Package: kvoptions 2011/06/30 v3.11 Key value format for package options (HO)
)
\@linkdim=\dimen143
\Hy@linkcounter=\count116
\Hy@pagecounter=\count117

(C:\Users\BrewJR\Documents\R\MiKTeX\tex\latex\hyperref\pd1enc.def
File: pd1enc.def 2012/11/06 v6.83m Hyperref: PDFDocEncoding definition (HO)
)
\Hy@SavedSpaceFactor=\count118

(C:\Users\BrewJR\Documents\R\MiKTeX\tex\latex\00miktex\hyperref.cfg
File: hyperref.cfg 2002/06/06 v1.2 hyperref configuration of TeXLive
)
Package hyperref Info: Hyper figures OFF on input line 4443.
Package hyperref Info: Link nesting OFF on input line 4448.
Package hyperref Info: Hyper index ON on input line 4451.
Package hyperref Info: Plain pages OFF on input line 4458.
Package hyperref Info: Backreferencing OFF on input line 4463.
Package hyperref Info: Implicit mode ON; LaTeX internals redefined.
Package hyperref Info: Bookmarks ON on input line 4688.
\c@Hy@tempcnt=\count119

(C:\Users\BrewJR\Documents\R\MiKTeX\tex\latex\ltxmisc\url.sty
\Urlmuskip=\muskip10
Package: url 2006/04/12  ver 3.3  Verb mode for urls, etc.
)
LaTeX Info: Redefining \url on input line 5041.
\XeTeXLinkMargin=\dimen144
\Fld@menulength=\count120
\Field@Width=\dimen145
\Fld@charsize=\dimen146
Package hyperref Info: Hyper figures OFF on input line 6295.
Package hyperref Info: Link nesting OFF on input line 6300.
Package hyperref Info: Hyper index ON on input line 6303.
Package hyperref Info: backreferencing OFF on input line 6310.
Package hyperref Info: Link coloring OFF on input line 6315.
Package hyperref Info: Link coloring with OCG OFF on input line 6320.
Package hyperref Info: PDF/A mode OFF on input line 6325.
LaTeX Info: Redefining \ref on input line 6365.
LaTeX Info: Redefining \pageref on input line 6369.
\Hy@abspage=\count121
\c@Item=\count122
\c@Hfootnote=\count123
)

Package hyperref Message: Driver (autodetected): hpdftex.

(C:\Users\BrewJR\Documents\R\MiKTeX\tex\latex\hyperref\hpdftex.def
File: hpdftex.def 2012/11/06 v6.83m Hyperref driver for pdfTeX
\Fld@listcount=\count124
\c@bookmark@seq@number=\count125

(C:\Users\BrewJR\Documents\R\MiKTeX\tex\latex\oberdiek\rerunfilecheck.sty
Package: rerunfilecheck 2011/04/15 v1.7 Rerun checks for auxiliary files (HO)
Package uniquecounter Info: New unique counter `rerunfilecheck' on input line 2
82.
)
\Hy@SectionHShift=\skip51
)
(C:\Users\BrewJR\Documents\R\MiKTeX\tex\latex\lettrine\lettrine.sty
File: lettrine.sty 2013/03/14 v1.64 (Daniel Flipo)
\c@DefaultLines=\count126
\DefaultFindent=\dimen147
\DefaultNindent=\dimen148
\DefaultSlope=\dimen149
\L@lbox=\box54
\L@tbox=\box55
\c@L@lines=\count127
\L@Pindent=\dimen150
\L@Findent=\dimen151
\L@Nindent=\dimen152
\L@lraise=\dimen153
\L@first=\dimen154
\L@next=\dimen155
\L@slope=\dimen156
\L@height=\dimen157
\LettrineWidth=\dimen158

Loading lettrine.cfg
(C:\Users\BrewJR\Documents\R\MiKTeX\tex\latex\lettrine\lettrine.cfg))
(C:\Users\BrewJR\Documents\R\MiKTeX\tex\latex\paralist\paralist.sty
Package: paralist 2013/06/09 v2.4 Extended list environments
\pltopsep=\skip52
\plpartopsep=\skip53
\plitemsep=\skip54
\plparsep=\skip55
\pl@lab=\toks19
)
(C:\Users\BrewJR\Documents\R\MiKTeX\tex\latex\fancyhdr\fancyhdr.sty
\fancy@headwidth=\skip56
\f@ncyO@elh=\skip57
\f@ncyO@erh=\skip58
\f@ncyO@olh=\skip59
\f@ncyO@orh=\skip60
\f@ncyO@elf=\skip61
\f@ncyO@erf=\skip62
\f@ncyO@olf=\skip63
\f@ncyO@orf=\skip64
)

Package Fancyhdr Warning: \fancyfoot's `E' option without twoside option is use
less on input line 37.

(C:/PROGRA~1/R/R-30~1.2/share/texmf/tex/latex\Sweave.sty
Package: Sweave 

(C:\Users\BrewJR\Documents\R\MiKTeX\tex\latex\base\ifthen.sty
Package: ifthen 2001/05/26 v1.1c Standard LaTeX ifthen package (DPC)
)
(C:\Users\BrewJR\Documents\R\MiKTeX\tex\latex\fancyvrb\fancyvrb.sty
Package: fancyvrb 2008/02/07

Style option: `fancyvrb' v2.7a, with DG/SPQR fixes, and firstline=lastline fix 
<2008/02/07> (tvz)
\FV@CodeLineNo=\count128
\FV@InFile=\read1
\FV@TabBox=\box56
\c@FancyVerbLine=\count129
\FV@StepNumber=\count130
\FV@OutFile=\write3
)
(C:\Users\BrewJR\Documents\R\MiKTeX\tex\latex\base\textcomp.sty
Package: textcomp 2005/09/27 v1.99g Standard LaTeX package
Package textcomp Info: Sub-encoding information:
(textcomp)               5 = only ISO-Adobe without \textcurrency
(textcomp)               4 = 5 + \texteuro
(textcomp)               3 = 4 + \textohm
(textcomp)               2 = 3 + \textestimated + \textcurrency
(textcomp)               1 = TS1 - \textcircled - \t
(textcomp)               0 = TS1 (full)
(textcomp)             Font families with sub-encoding setting implement
(textcomp)             only a restricted character set as indicated.
(textcomp)             Family '?' is the default used for unknown fonts.
(textcomp)             See the documentation for details.
Package textcomp Info: Setting ? sub-encoding to TS1/1 on input line 71.

(C:\Users\BrewJR\Documents\R\MiKTeX\tex\latex\base\ts1enc.def
File: ts1enc.def 2001/06/05 v3.0e (jk/car/fm) Standard LaTeX file
)
LaTeX Info: Redefining \oldstylenums on input line 266.
Package textcomp Info: Setting cmr sub-encoding to TS1/0 on input line 281.
Package textcomp Info: Setting cmss sub-encoding to TS1/0 on input line 282.
Package textcomp Info: Setting cmtt sub-encoding to TS1/0 on input line 283.
Package textcomp Info: Setting cmvtt sub-encoding to TS1/0 on input line 284.
Package textcomp Info: Setting cmbr sub-encoding to TS1/0 on input line 285.
Package textcomp Info: Setting cmtl sub-encoding to TS1/0 on input line 286.
Package textcomp Info: Setting ccr sub-encoding to TS1/0 on input line 287.
Package textcomp Info: Setting ptm sub-encoding to TS1/4 on input line 288.
Package textcomp Info: Setting pcr sub-encoding to TS1/4 on input line 289.
Package textcomp Info: Setting phv sub-encoding to TS1/4 on input line 290.
Package textcomp Info: Setting ppl sub-encoding to TS1/3 on input line 291.
Package textcomp Info: Setting pag sub-encoding to TS1/4 on input line 292.
Package textcomp Info: Setting pbk sub-encoding to TS1/4 on input line 293.
Package textcomp Info: Setting pnc sub-encoding to TS1/4 on input line 294.
Package textcomp Info: Setting pzc sub-encoding to TS1/4 on input line 295.
Package textcomp Info: Setting bch sub-encoding to TS1/4 on input line 296.
Package textcomp Info: Setting put sub-encoding to TS1/5 on input line 297.
Package textcomp Info: Setting uag sub-encoding to TS1/5 on input line 298.
Package textcomp Info: Setting ugq sub-encoding to TS1/5 on input line 299.
Package textcomp Info: Setting ul8 sub-encoding to TS1/4 on input line 300.
Package textcomp Info: Setting ul9 sub-encoding to TS1/4 on input line 301.
Package textcomp Info: Setting augie sub-encoding to TS1/5 on input line 302.
Package textcomp Info: Setting dayrom sub-encoding to TS1/3 on input line 303.
Package textcomp Info: Setting dayroms sub-encoding to TS1/3 on input line 304.

Package textcomp Info: Setting pxr sub-encoding to TS1/0 on input line 305.
Package textcomp Info: Setting pxss sub-encoding to TS1/0 on input line 306.
Package textcomp Info: Setting pxtt sub-encoding to TS1/0 on input line 307.
Package textcomp Info: Setting txr sub-encoding to TS1/0 on input line 308.
Package textcomp Info: Setting txss sub-encoding to TS1/0 on input line 309.
Package textcomp Info: Setting txtt sub-encoding to TS1/0 on input line 310.
Package textcomp Info: Setting lmr sub-encoding to TS1/0 on input line 311.
Package textcomp Info: Setting lmdh sub-encoding to TS1/0 on input line 312.
Package textcomp Info: Setting lmss sub-encoding to TS1/0 on input line 313.
Package textcomp Info: Setting lmssq sub-encoding to TS1/0 on input line 314.
Package textcomp Info: Setting lmvtt sub-encoding to TS1/0 on input line 315.
Package textcomp Info: Setting qhv sub-encoding to TS1/0 on input line 316.
Package textcomp Info: Setting qag sub-encoding to TS1/0 on input line 317.
Package textcomp Info: Setting qbk sub-encoding to TS1/0 on input line 318.
Package textcomp Info: Setting qcr sub-encoding to TS1/0 on input line 319.
Package textcomp Info: Setting qcs sub-encoding to TS1/0 on input line 320.
Package textcomp Info: Setting qpl sub-encoding to TS1/0 on input line 321.
Package textcomp Info: Setting qtm sub-encoding to TS1/0 on input line 322.
Package textcomp Info: Setting qzc sub-encoding to TS1/0 on input line 323.
Package textcomp Info: Setting qhvc sub-encoding to TS1/0 on input line 324.
Package textcomp Info: Setting futs sub-encoding to TS1/4 on input line 325.
Package textcomp Info: Setting futx sub-encoding to TS1/4 on input line 326.
Package textcomp Info: Setting futj sub-encoding to TS1/4 on input line 327.
Package textcomp Info: Setting hlh sub-encoding to TS1/3 on input line 328.
Package textcomp Info: Setting hls sub-encoding to TS1/3 on input line 329.
Package textcomp Info: Setting hlst sub-encoding to TS1/3 on input line 330.
Package textcomp Info: Setting hlct sub-encoding to TS1/5 on input line 331.
Package textcomp Info: Setting hlx sub-encoding to TS1/5 on input line 332.
Package textcomp Info: Setting hlce sub-encoding to TS1/5 on input line 333.
Package textcomp Info: Setting hlcn sub-encoding to TS1/5 on input line 334.
Package textcomp Info: Setting hlcw sub-encoding to TS1/5 on input line 335.
Package textcomp Info: Setting hlcf sub-encoding to TS1/5 on input line 336.
Package textcomp Info: Setting pplx sub-encoding to TS1/3 on input line 337.
Package textcomp Info: Setting pplj sub-encoding to TS1/3 on input line 338.
Package textcomp Info: Setting ptmx sub-encoding to TS1/4 on input line 339.
Package textcomp Info: Setting ptmj sub-encoding to TS1/4 on input line 340.
)
(C:\Users\BrewJR\Documents\R\MiKTeX\tex\latex\base\fontenc.sty
Package: fontenc 2005/09/27 v1.99g Standard LaTeX package

(C:\Users\BrewJR\Documents\R\MiKTeX\tex\latex\base\t1enc.def
File: t1enc.def 2005/09/27 v1.99g Standard LaTeX file
LaTeX Font Info:    Redeclaring font encoding T1 on input line 43.
))
(C:\Users\BrewJR\Documents\R\MiKTeX\tex\latex\ae\ae.sty
Package: ae 2001/02/12 1.3 Almost European Computer Modern

(C:\Users\BrewJR\Documents\R\MiKTeX\tex\latex\base\fontenc.sty
Package: fontenc 2005/09/27 v1.99g Standard LaTeX package

(C:\Users\BrewJR\Documents\R\MiKTeX\tex\latex\base\t1enc.def
File: t1enc.def 2005/09/27 v1.99g Standard LaTeX file
LaTeX Font Info:    Redeclaring font encoding T1 on input line 43.
)
LaTeX Font Info:    Try loading font information for T1+aer on input line 100.

(C:\Users\BrewJR\Documents\R\MiKTeX\tex\latex\ae\t1aer.fd
File: t1aer.fd 1997/11/16 Font definitions for T1/aer.
))))
(E:\workingdirectory\mosquito\rainAndTemp\rainAndTempArticle\mosquitoRainTempAr
ticle.aux)
LaTeX Font Info:    Checking defaults for OML/cmm/m/it on input line 41.
LaTeX Font Info:    ... okay on input line 41.
LaTeX Font Info:    Checking defaults for T1/cmr/m/n on input line 41.
LaTeX Font Info:    ... okay on input line 41.
LaTeX Font Info:    Checking defaults for OT1/cmr/m/n on input line 41.
LaTeX Font Info:    ... okay on input line 41.
LaTeX Font Info:    Checking defaults for OMS/cmsy/m/n on input line 41.
LaTeX Font Info:    ... okay on input line 41.
LaTeX Font Info:    Checking defaults for OMX/cmex/m/n on input line 41.
LaTeX Font Info:    ... okay on input line 41.
LaTeX Font Info:    Checking defaults for U/cmr/m/n on input line 41.
LaTeX Font Info:    ... okay on input line 41.
LaTeX Font Info:    Checking defaults for PD1/pdf/m/n on input line 41.
LaTeX Font Info:    ... okay on input line 41.
LaTeX Font Info:    Checking defaults for TS1/cmr/m/n on input line 41.
LaTeX Font Info:    Try loading font information for TS1+cmr on input line 41.
 (C:\Users\BrewJR\Documents\R\MiKTeX\tex\latex\base\ts1cmr.fd
File: ts1cmr.fd 1999/05/25 v2.5h Standard LaTeX font definitions
)
LaTeX Font Info:    ... okay on input line 41.

(C:\Users\BrewJR\Documents\R\MiKTeX\tex\context\base\supp-pdf.mkii
[Loading MPS to PDF converter (version 2006.09.02).]
\scratchcounter=\count131
\scratchdimen=\dimen159
\scratchbox=\box57
\nofMPsegments=\count132
\nofMParguments=\count133
\everyMPshowfont=\toks20
\MPscratchCnt=\count134
\MPscratchDim=\dimen160
\MPnumerator=\count135
\makeMPintoPDFobject=\count136
\everyMPtoPDFconversion=\toks21
)
Package caption Info: Begin \AtBeginDocument code.
Package caption Info: subfig package v1.3 is loaded.
Package caption Info: float package is loaded.
Package caption Info: hyperref package is loaded.
Package caption Info: End \AtBeginDocument code.
\big@size=\dimen161
LaTeX Info: Redefining \microtypecontext on input line 41.
Package microtype Info: Generating PDF output.
Package microtype Info: Character protrusion enabled (level 2).
Package microtype Info: Using default protrusion set `alltext'.
Package microtype Info: Automatic font expansion enabled (level 2),
(microtype)             stretch: 20, shrink: 20, step: 1, non-selected.
Package microtype Info: Using default expansion set `basictext'.
Package microtype Info: No adjustment of tracking.
Package microtype Info: No adjustment of interword spacing.
Package microtype Info: No adjustment of character kerning.
 (C:\Users\BrewJR\Documents\R\MiKTeX\tex\latex\microtype\mt-cmr.cfg
File: mt-cmr.cfg 2013/05/19 v2.2 microtype config. file: Computer Modern Roman 
(RS)
)
*geometry* driver: auto-detecting
*geometry* detected driver: pdftex
*geometry* verbose mode - [ preamble ] result:
* driver: pdftex
* paper: <default>
* layout: <same size as paper>
* layoutoffset:(h,v)=(0.0pt,0.0pt)
* hratio: 1:1
* modes: 
* h-part:(L,W,R)=(92.14519pt, 430.00462pt, 92.14519pt)
* v-part:(T,H,B)=(73.97716pt, 625.59546pt, 95.39737pt)
* \paperwidth=614.295pt
* \paperheight=794.96999pt
* \textwidth=430.00462pt
* \textheight=625.59546pt
* \oddsidemargin=19.8752pt
* \evensidemargin=19.8752pt
* \topmargin=-35.29283pt
* \headheight=12.0pt
* \headsep=25.0pt
* \topskip=10.0pt
* \footskip=30.0pt
* \marginparwidth=65.0pt
* \marginparsep=11.0pt
* \columnsep=20.0pt
* \skip\footins=9.0pt plus 4.0pt minus 2.0pt
* \hoffset=0.0pt
* \voffset=0.0pt
* \mag=1000
* \@twocolumnfalse
* \@twosidefalse
* \@mparswitchfalse
* \@reversemarginfalse
* (1in=72.27pt=25.4mm, 1cm=28.453pt)

\AtBeginShipoutBox=\box58
Package hyperref Info: Link coloring OFF on input line 41.
(C:\Users\BrewJR\Documents\R\MiKTeX\tex\latex\hyperref\nameref.sty
Package: nameref 2012/10/27 v2.43 Cross-referencing by name of section

(C:\Users\BrewJR\Documents\R\MiKTeX\tex\generic\oberdiek\gettitlestring.sty
Package: gettitlestring 2010/12/03 v1.4 Cleanup title references (HO)
)
\c@section@level=\count137
)
LaTeX Info: Redefining \ref on input line 41.
LaTeX Info: Redefining \pageref on input line 41.
LaTeX Info: Redefining \nameref on input line 41.

(E:\workingdirectory\mosquito\rainAndTemp\rainAndTempArticle\mosquitoRainTempAr
ticle.out)
(E:\workingdirectory\mosquito\rainAndTemp\rainAndTempArticle\mosquitoRainTempAr
ticle.out)
\@outlinefile=\write4

(E:\workingdirectory\mosquito\rainAndTemp\rainAndTempArticle\mosquitoRainTempAr
ticle-concordance.tex)
LaTeX Font Info:    Try loading font information for OT1+pplx on input line 62.


(C:\Users\BrewJR\Documents\R\MiKTeX\tex\latex\psnfss\ot1pplx.fd
File: ot1pplx.fd 2004/09/06 font definitions for OT1/pplx.
)
(C:\Users\BrewJR\Documents\R\MiKTeX\tex\latex\microtype\mt-ppl.cfg
File: mt-ppl.cfg 2005/11/16 v1.6 microtype config. file: Palatino (RS)
)
LaTeX Font Info:    Try loading font information for OML+zplm on input line 62.


(C:\Users\BrewJR\Documents\R\MiKTeX\tex\latex\psnfss\omlzplm.fd
File: omlzplm.fd 2002/09/08 Fontinst v1.914 font definitions for OML/zplm.
)
LaTeX Font Info:    Try loading font information for OMS+zplm on input line 62.


(C:\Users\BrewJR\Documents\R\MiKTeX\tex\latex\psnfss\omszplm.fd
File: omszplm.fd 2002/09/08 Fontinst v1.914 font definitions for OMS/zplm.
)
LaTeX Font Info:    Try loading font information for OMX+zplm on input line 62.


(C:\Users\BrewJR\Documents\R\MiKTeX\tex\latex\psnfss\omxzplm.fd
File: omxzplm.fd 2002/09/08 Fontinst v1.914 font definitions for OMX/zplm.
)
LaTeX Font Info:    Try loading font information for OT1+zplm on input line 62.


(C:\Users\BrewJR\Documents\R\MiKTeX\tex\latex\psnfss\ot1zplm.fd
File: ot1zplm.fd 2002/09/08 Fontinst v1.914 font definitions for OT1/zplm.
)
Package microtype Info: Loading generic settings for font family
(microtype)             `zplm' (encoding: OT1).
(microtype)             For optimal results, create family-specific settings.
(microtype)             See the microtype manual for details.

! Misplaced alignment tab character &.
<argument> ...northeast Illinois, USA. Parasites &
                                                   Vectors 2010, 3:19
l.63 ...nois, USA. Parasites & Vectors 2010, 3:19}
                                                  
I can't figure out why you would want to use a tab mark
here. If you just want an ampersand, the remedy is
simple: Just type `I\&' now. But if some right brace
up above has ended a previous alignment prematurely,
you're probably due for more error messages, and you
might try typing `S' now just to see what is salvageable.


Underfull \hbox (badness 10000) in paragraph at lines 62--67

 []


Underfull \hbox (badness 10000) in paragraph at lines 71--72

 []


Underfull \hbox (badness 10000) in paragraph at lines 73--74

 []


Underfull \hbox (badness 10000) in paragraph at lines 75--76

 []


Underfull \hbox (badness 10000) in paragraph at lines 77--78

 []

<mosquitoRainTempArticle-003.pdf, id=12, 433.62pt x 289.08pt>
File: mosquitoRainTempArticle-003.pdf Graphic file (type pdf)

<use mosquitoRainTempArticle-003.pdf>
Package pdftex.def Info: mosquitoRainTempArticle-003.pdf used on input line 83.

(pdftex.def)             Requested size: 210.70462pt x 140.47269pt.

Overfull \hbox (5.70232pt too wide) in paragraph at lines 83--84
 [] 
 []

[1{C:/Users/BrewJR/AppData/Local/MiKTeX/2.9/pdftex/config/pdftex.map}

]
Underfull \hbox (badness 10000) in paragraph at lines 88--89

 []


Underfull \hbox (badness 10000) in paragraph at lines 90--91

 []


Underfull \hbox (badness 10000) in paragraph at lines 92--93

 []


Underfull \hbox (badness 10000) in paragraph at lines 94--95

 []


Underfull \hbox (badness 10000) in paragraph at lines 96--97

 []

<mosquitoRainTempArticle-005.pdf, id=38, 433.62pt x 361.35pt>
File: mosquitoRainTempArticle-005.pdf Graphic file (type pdf)

<use mosquitoRainTempArticle-005.pdf>
Package pdftex.def Info: mosquitoRainTempArticle-005.pdf used on input line 112
.
(pdftex.def)             Requested size: 210.70462pt x 175.59088pt.

Overfull \hbox (5.70232pt too wide) in paragraph at lines 112--113
 [] 
 []


Underfull \hbox (badness 10000) in paragraph at lines 119--120

 []


Underfull \hbox (badness 10000) in paragraph at lines 125--126

 []


Underfull \hbox (badness 10000) in paragraph at lines 127--128

 []

<mosquitoRainTempArticle-006.pdf, id=39, 433.62pt x 289.08pt>
File: mosquitoRainTempArticle-006.pdf Graphic file (type pdf)

<use mosquitoRainTempArticle-006.pdf>
Package pdftex.def Info: mosquitoRainTempArticle-006.pdf used on input line 133
.
(pdftex.def)             Requested size: 210.70462pt x 140.47269pt.

Overfull \hbox (5.70232pt too wide) in paragraph at lines 133--134
 [] 
 []

[2 <E:/workingdirectory/mosquito/rainAndTemp/rainAndTempArticle/mosquitoRainTem
pArticle-003.pdf> <E:/workingdirectory/mosquito/rainAndTemp/rainAndTempArticle/
mosquitoRainTempArticle-005.pdf>]
<mosquitoRainTempArticle-007.pdf, id=61, 433.62pt x 289.08pt>
File: mosquitoRainTempArticle-007.pdf Graphic file (type pdf)

<use mosquitoRainTempArticle-007.pdf>
Package pdftex.def Info: mosquitoRainTempArticle-007.pdf used on input line 145
.
(pdftex.def)             Requested size: 210.70462pt x 140.47269pt.

Overfull \hbox (5.70232pt too wide) in paragraph at lines 145--146
 [] 
 []


Underfull \hbox (badness 6675) in paragraph at lines 146--146
[]\T1/aer/bx/n/10 Figure 4: |\T1/aer/m/it/10 (+20) Min-i-mum tem-per-a-ture and

 []

<mosquitoRainTempArticle-008.pdf, id=62, 433.62pt x 216.81pt>
File: mosquitoRainTempArticle-008.pdf Graphic file (type pdf)

<use mosquitoRainTempArticle-008.pdf>
Package pdftex.def Info: mosquitoRainTempArticle-008.pdf used on input line 158
.
(pdftex.def)             Requested size: 430.00462pt x 215.01308pt.
 [3 <E:/workingdirectory/mosquito/rainAndTemp/rainAndTempArticle/mosquitoRainTe
mpArticle-006.pdf> <E:/workingdirectory/mosquito/rainAndTemp/rainAndTempArticle
/mosquitoRainTempArticle-007.pdf> <E:/workingdirectory/mosquito/rainAndTemp/rai
nAndTempArticle/mosquitoRainTempArticle-008.pdf>] <mosquitoRainTempArticle-009.
pdf, id=96, 433.62pt x 216.81pt>
File: mosquitoRainTempArticle-009.pdf Graphic file (type pdf)

<use mosquitoRainTempArticle-009.pdf>
Package pdftex.def Info: mosquitoRainTempArticle-009.pdf used on input line 175
.
(pdftex.def)             Requested size: 206.40038pt x 103.20085pt.

Overfull \hbox (1.39807pt too wide) in paragraph at lines 175--176
 [] 
 []


Underfull \hbox (badness 10000) in paragraph at lines 180--181

 []


Underfull \hbox (badness 10000) in paragraph at lines 186--187

 []


Underfull \hbox (badness 10000) in paragraph at lines 188--189

 []

<mosquitoRainTempArticle-010.pdf, id=97, 433.62pt x 216.81pt>
File: mosquitoRainTempArticle-010.pdf Graphic file (type pdf)

<use mosquitoRainTempArticle-010.pdf>
Package pdftex.def Info: mosquitoRainTempArticle-010.pdf used on input line 195
.
(pdftex.def)             Requested size: 206.40038pt x 103.20085pt.

Overfull \hbox (1.39807pt too wide) in paragraph at lines 195--196
 [] 
 []

<mosquitoRainTempArticle-011.pdf, id=98, 433.62pt x 216.81pt>
File: mosquitoRainTempArticle-011.pdf Graphic file (type pdf)

<use mosquitoRainTempArticle-011.pdf>
Package pdftex.def Info: mosquitoRainTempArticle-011.pdf used on input line 204
.
(pdftex.def)             Requested size: 206.40038pt x 103.20085pt.

Overfull \hbox (1.39807pt too wide) in paragraph at lines 204--205
 [] 
 []


Underfull \hbox (badness 6675) in paragraph at lines 205--205
[]\T1/aer/bx/n/10 Figure 8: |\T1/aer/m/it/10 (+20) Min-i-mum tem-per-a-ture and

 []

<mosquitoRainTempArticle-012.pdf, id=99, 433.62pt x 216.81pt>
File: mosquitoRainTempArticle-012.pdf Graphic file (type pdf)

<use mosquitoRainTempArticle-012.pdf>
Package pdftex.def Info: mosquitoRainTempArticle-012.pdf used on input line 215
.
(pdftex.def)             Requested size: 430.00462pt x 215.01308pt.
 [4 <E:/workingdirectory/mosquito/rainAndTemp/rainAndTempArticle/mosquitoRainTe
mpArticle-009.pdf> <E:/workingdirectory/mosquito/rainAndTemp/rainAndTempArticle
/mosquitoRainTempArticle-010.pdf> <E:/workingdirectory/mosquito/rainAndTemp/rai
nAndTempArticle/mosquitoRainTempArticle-011.pdf> <E:/workingdirectory/mosquito/
rainAndTemp/rainAndTempArticle/mosquitoRainTempArticle-012.pdf>]
Underfull \hbox (badness 10000) in paragraph at lines 228--230

 []


Underfull \hbox (badness 10000) in paragraph at lines 231--232

 []


Underfull \hbox (badness 10000) in paragraph at lines 233--234

 []

Package atveryend Info: Empty hook `BeforeClearDocument' on input line 244.
[5]
Package atveryend Info: Empty hook `AfterLastShipout' on input line 244.

(E:\workingdirectory\mosquito\rainAndTemp\rainAndTempArticle\mosquitoRainTempAr
ticle.aux)
Package atveryend Info: Executing hook `AtVeryEndDocument' on input line 244.
Package atveryend Info: Executing hook `AtEndAfterFileList' on input line 244.
Package rerunfilecheck Info: File `mosquitoRainTempArticle.out' has not changed
.
(rerunfilecheck)             Checksum: D41D8CD98F00B204E9800998ECF8427E;0.
Package atveryend Info: Empty hook `AtVeryVeryEnd' on input line 244.
 ) 
Here is how much of TeX's memory you used:
 10406 strings out of 493921
 162432 string characters out of 3144471
 366607 words of memory out of 3000000
 13184 multiletter control sequences out of 15000+200000
 68109 words of font info for 316 fonts, out of 3000000 for 9000
 841 hyphenation exceptions out of 8191
 44i,13n,43p,933b,473s stack positions out of 5000i,500n,10000p,200000b,50000s
{C:/Users/BrewJR/Documents/R/MiKTeX/fonts/enc/dvips/fontname/8r.enc}<C:/Users
/BrewJR/Documents/R/MiKTeX/fonts/type1/public/amsfonts/cm/cmbx10.pfb><C:/Users/
BrewJR/Documents/R/MiKTeX/fonts/type1/public/amsfonts/cm/cmbx12.pfb><C:/Users/B
rewJR/Documents/R/MiKTeX/fonts/type1/public/amsfonts/cm/cmr10.pfb><C:/Users/Bre
wJR/Documents/R/MiKTeX/fonts/type1/public/amsfonts/cm/cmr12.pfb><C:/Users/BrewJ
R/Documents/R/MiKTeX/fonts/type1/public/amsfonts/cm/cmr17.pfb><C:/Users/BrewJR/
Documents/R/MiKTeX/fonts/type1/public/amsfonts/cm/cmr6.pfb><C:/Users/BrewJR/Doc
uments/R/MiKTeX/fonts/type1/public/amsfonts/cm/cmr7.pfb><C:/Users/BrewJR/Docume
nts/R/MiKTeX/fonts/type1/public/amsfonts/cm/cmr8.pfb><C:/Users/BrewJR/Documents
/R/MiKTeX/fonts/type1/public/amsfonts/cm/cmsy10.pfb><C:/Users/BrewJR/Documents/
R/MiKTeX/fonts/type1/public/amsfonts/cm/cmti10.pfb><C:/Users/BrewJR/Documents/R
/MiKTeX/fonts/type1/public/mathpazo/fplmri.pfb><C:/Users/BrewJR/Documents/R/MiK
TeX/fonts/type1/urw/palatino/uplr8a.pfb><C:/Users/BrewJR/Documents/R/MiKTeX/fon
ts/type1/urw/palatino/uplri8a.pfb>
Output written on mosquitoRainTempArticle.pdf (5 pages, 272718 bytes).
PDF statistics:
 198 PDF objects out of 1000 (max. 8388607)
 33 named destinations out of 1000 (max. 500000)
 51762 words of extra memory for PDF output out of 61914 (max. 10000000)

